\BOOKMARK [1][-]{section*.1}{\376\377\0002\000.\0003\000\040\000Q\000u\000e\000s\000t\000i\000o\000n\000s}{}% 1
\BOOKMARK [2][-]{section*.2}{\376\377\0002\000.\0003\000.\0001\000\040\000C\000o\000n\000c\000e\000p\000t\000\040\000o\000f\000\040\0002\000D\000\040\000F\000o\000u\000r\000i\000e\000r\000\040\000T\000r\000a\000n\000s\000f\000o\000r\000m}{section*.1}% 2
\BOOKMARK [2][-]{section*.3}{\376\377\0002\000.\0003\000.\0002\000\040\000C\000o\000n\000c\000e\000p\000t\000\040\000o\000f\000\040\000K\000-\000S\000p\000a\000c\000e}{section*.1}% 3
\BOOKMARK [2][-]{section*.4}{\376\377\0002\000.\0003\000.\0003\000\040\000D\000e\000t\000e\000r\000m\000i\000n\000i\000n\000g\000\040\000P\000o\000s\000i\000t\000i\000o\000n}{section*.1}% 4
\BOOKMARK [2][-]{section*.5}{\376\377\0002\000.\0003\000.\0004\000\040\000L\000o\000w\000\040\000P\000a\000s\000s\000\040\000a\000n\000d\000\040\000H\000i\000g\000h\000\040\000P\000a\000s\000s\000\040\000F\000i\000l\000t\000e\000r\000s}{section*.1}% 5
\BOOKMARK [1][-]{section*.6}{\376\377\0003\000.\0001\000\040\000M\000R\000I\000\040\000r\000e\000c\000o\000n\000s\000t\000r\000u\000c\000t\000i\000o\000n\000\040\000m\000e\000t\000h\000o\000d\000s}{}% 6
\BOOKMARK [2][-]{section*.7}{\376\377\0003\000.\0001\000.\0001\000\040\000F\000i\000l\000t\000e\000r\000e\000d\000\040\000B\000a\000c\000k\000\040\000P\000r\000o\000j\000e\000c\000t\000i\000o\000n}{section*.6}% 7
\BOOKMARK [2][-]{section*.8}{\376\377\0003\000.\0001\000.\0002\000\040\000C\000o\000m\000p\000r\000e\000s\000s\000e\000d\000\040\000S\000e\000n\000s\000i\000n\000g}{section*.6}% 8
\BOOKMARK [1][-]{section*.9}{\376\377\0003\000.\0002\000\040\000Q\000u\000e\000s\000t\000i\000o\000n\000s}{}% 9
\BOOKMARK [2][-]{section*.10}{\376\377\0003\000.\0002\000.\0003\000\040\000R\000e\000c\000o\000n\000s\000t\000r\000u\000c\000t\000i\000n\000g\000\040\000t\000h\000e\000\040\000M\000R\000I}{section*.9}% 10
\BOOKMARK [2][-]{section*.11}{\376\377\0003\000.\0002\000.\0004\000\040\000t\000h\000e\000\040\000M\000R\000I\000\040\000I\000m\000a\000g\000e}{section*.9}% 11
\BOOKMARK [2][-]{section*.12}{\376\377\0003\000.\0002\000.\0005\000\040\000N\000o\000i\000s\000e\000s\000\040\000i\000n\000\040\000m\000e\000d\000i\000c\000a\000l\000\040\000i\000m\000a\000g\000i\000n\000g}{section*.9}% 12
\BOOKMARK [1][-]{section*.13}{\376\377\0004\000.\0001\000\040\000H\000i\000s\000t\000o\000g\000r\000a\000m}{}% 13
\BOOKMARK [1][-]{section*.14}{\376\377\0004\000.\0002\000\040\000L\000o\000w\000\040\000P\000a\000s\000s\000\040\000F\000i\000l\000t\000e\000r\000s}{}% 14
\BOOKMARK [2][-]{section*.15}{\376\377\000M\000e\000a\000n\000\040\000F\000i\000l\000t\000e\000r}{section*.14}% 15
\BOOKMARK [2][-]{section*.16}{\376\377\000M\000e\000d\000i\000a\000n\000\040\000F\000i\000l\000t\000e\000r}{section*.14}% 16
\BOOKMARK [2][-]{section*.17}{\376\377\000G\000a\000u\000s\000s\000i\000a\000n\000\040\000F\000i\000l\000t\000e\000r}{section*.14}% 17
\BOOKMARK [1][-]{section*.18}{\376\377\0004\000.\0003\000\040\000M\000e\000a\000n\000\040\000F\000i\000l\000t\000e\000r}{}% 18
\BOOKMARK [1][-]{section*.19}{\376\377\0004\000.\0004\000\040\000M\000e\000d\000i\000a\000n\000\040\000F\000i\000l\000t\000e\000r}{}% 19
\BOOKMARK [1][-]{section*.20}{\376\377\0004\000.\0005\000\040\000G\000a\000u\000s\000s\000i\000a\000n\000\040\000F\000i\000l\000t\000e\000r}{}% 20
\BOOKMARK [1][-]{section*.21}{\376\377\0004\000.\0006\000\040\000N\000L\000M\000\040\000f\000i\000l\000t\000e\000r}{}% 21
\BOOKMARK [1][-]{section*.22}{\376\377\0004\000.\0007\000\040\000S\000N\000R\000\040\000a\000n\000d\000\040\000P\000S\000N\000R\000\040\000R\000e\000s\000u\000l\000t\000s}{}% 22
